<?xml version="1.0" encoding="UTF-8"?>
<testng-results ignored="0" total="4" passed="4" failed="0" skipped="0">
  <reporter-output>
  </reporter-output>
  <suite started-at="2025-05-17T22:24:22 IST" name="Grid Parallel Suite" finished-at="2025-05-17T22:26:52 IST" duration-ms="149708">
    <groups>
      <group name="cucumber">
        <method signature="AbstractTestNGCucumberTests.runScenario(io.cucumber.testng.PickleWrapper,io.cucumber.testng.FeatureWrapper)[pri:0, instance:org.runners.TestRunner@1a677343]" name="runScenario" class="io.cucumber.testng.AbstractTestNGCucumberTests"/>
        <method signature="AbstractTestNGCucumberTests.runScenario(io.cucumber.testng.PickleWrapper,io.cucumber.testng.FeatureWrapper)[pri:0, instance:org.runners.TestRunner@ae13544]" name="runScenario" class="io.cucumber.testng.AbstractTestNGCucumberTests"/>
      </group> <!-- cucumber -->
    </groups>
    <test started-at="2025-05-17T22:24:22 IST" name="Chrome Test" finished-at="2025-05-17T22:26:12 IST" duration-ms="109873">
      <class name="org.runners.TestRunner">
        <test-method is-config="true" signature="setBrowser(java.lang.String)[pri:0, instance:org.runners.TestRunner@1a677343]" started-at="2025-05-17T22:24:22 IST" name="setBrowser" finished-at="2025-05-17T22:24:22 IST" duration-ms="21" status="PASS">
          <params>
            <param index="0">
              <value>
                <![CDATA[chrome]]>
              </value>
            </param>
          </params>
          <reporter-output>
          </reporter-output>
        </test-method> <!-- setBrowser -->
        <test-method is-config="true" signature="setUpClass(org.testng.ITestContext)[pri:0, instance:org.runners.TestRunner@1a677343]" started-at="2025-05-17T22:24:22 IST" name="setUpClass" finished-at="2025-05-17T22:24:23 IST" duration-ms="361" status="PASS">
          <params>
            <param index="0">
              <value>
                <![CDATA[org.testng.TestRunner@71def8f8]]>
              </value>
            </param>
          </params>
          <reporter-output>
          </reporter-output>
        </test-method> <!-- setUpClass -->
        <test-method signature="runScenario(io.cucumber.testng.PickleWrapper,io.cucumber.testng.FeatureWrapper)[pri:0, instance:org.runners.TestRunner@1a677343]" started-at="2025-05-17T22:24:23 IST" name="runScenario" description="Runs Cucumber Scenarios" data-provider="scenarios" finished-at="2025-05-17T22:25:45 IST" duration-ms="82492" status="PASS">
          <params>
            <param index="0">
              <value>
                <![CDATA["Search for product on Scrum-based website"]]>
              </value>
            </param>
            <param index="1">
              <value>
                <![CDATA["Search Functionality"]]>
              </value>
            </param>
          </params>
          <reporter-output>
          </reporter-output>
        </test-method> <!-- runScenario -->
        <test-method signature="runScenario(io.cucumber.testng.PickleWrapper,io.cucumber.testng.FeatureWrapper)[pri:0, instance:org.runners.TestRunner@1a677343]" started-at="2025-05-17T22:25:45 IST" name="runScenario" description="Runs Cucumber Scenarios" data-provider="scenarios" finished-at="2025-05-17T22:26:12 IST" duration-ms="26874" status="PASS">
          <params>
            <param index="0">
              <value>
                <![CDATA["Search for product on Scrum-based website"]]>
              </value>
            </param>
            <param index="1">
              <value>
                <![CDATA["Search Functionality"]]>
              </value>
            </param>
          </params>
          <reporter-output>
          </reporter-output>
        </test-method> <!-- runScenario -->
        <test-method is-config="true" signature="tearDownClass()[pri:0, instance:org.runners.TestRunner@1a677343]" started-at="2025-05-17T22:26:12 IST" name="tearDownClass" finished-at="2025-05-17T22:26:12 IST" duration-ms="80" status="PASS">
          <reporter-output>
          </reporter-output>
        </test-method> <!-- tearDownClass -->
      </class> <!-- org.runners.TestRunner -->
    </test> <!-- Chrome Test -->
    <test started-at="2025-05-17T22:26:12 IST" name="Firefox Test" finished-at="2025-05-17T22:26:52 IST" duration-ms="39805">
      <class name="org.runners.TestRunner">
        <test-method is-config="true" signature="setBrowser(java.lang.String)[pri:0, instance:org.runners.TestRunner@ae13544]" started-at="2025-05-17T22:26:12 IST" name="setBrowser" finished-at="2025-05-17T22:26:12 IST" duration-ms="1" status="PASS">
          <params>
            <param index="0">
              <value>
                <![CDATA[chrome]]>
              </value>
            </param>
          </params>
          <reporter-output>
          </reporter-output>
        </test-method> <!-- setBrowser -->
        <test-method is-config="true" signature="setUpClass(org.testng.ITestContext)[pri:0, instance:org.runners.TestRunner@ae13544]" started-at="2025-05-17T22:26:12 IST" name="setUpClass" finished-at="2025-05-17T22:26:12 IST" duration-ms="31" status="PASS">
          <params>
            <param index="0">
              <value>
                <![CDATA[org.testng.TestRunner@383bfa16]]>
              </value>
            </param>
          </params>
          <reporter-output>
          </reporter-output>
        </test-method> <!-- setUpClass -->
        <test-method signature="runScenario(io.cucumber.testng.PickleWrapper,io.cucumber.testng.FeatureWrapper)[pri:0, instance:org.runners.TestRunner@ae13544]" started-at="2025-05-17T22:26:12 IST" name="runScenario" description="Runs Cucumber Scenarios" data-provider="scenarios" finished-at="2025-05-17T22:26:42 IST" duration-ms="30190" status="PASS">
          <params>
            <param index="0">
              <value>
                <![CDATA["Search for product on Scrum-based website"]]>
              </value>
            </param>
            <param index="1">
              <value>
                <![CDATA["Search Functionality"]]>
              </value>
            </param>
          </params>
          <reporter-output>
          </reporter-output>
        </test-method> <!-- runScenario -->
        <test-method signature="runScenario(io.cucumber.testng.PickleWrapper,io.cucumber.testng.FeatureWrapper)[pri:0, instance:org.runners.TestRunner@ae13544]" started-at="2025-05-17T22:26:42 IST" name="runScenario" description="Runs Cucumber Scenarios" data-provider="scenarios" finished-at="2025-05-17T22:26:52 IST" duration-ms="9555" status="PASS">
          <params>
            <param index="0">
              <value>
                <![CDATA["Search for product on Scrum-based website"]]>
              </value>
            </param>
            <param index="1">
              <value>
                <![CDATA["Search Functionality"]]>
              </value>
            </param>
          </params>
          <reporter-output>
          </reporter-output>
        </test-method> <!-- runScenario -->
        <test-method is-config="true" signature="tearDownClass()[pri:0, instance:org.runners.TestRunner@ae13544]" started-at="2025-05-17T22:26:52 IST" name="tearDownClass" finished-at="2025-05-17T22:26:52 IST" duration-ms="8" status="PASS">
          <reporter-output>
          </reporter-output>
        </test-method> <!-- tearDownClass -->
      </class> <!-- org.runners.TestRunner -->
    </test> <!-- Firefox Test -->
  </suite> <!-- Grid Parallel Suite -->
</testng-results>
